ERROR: 17.04.2022 12:31:49 PM: update_match_data: Failed to found given match in db
INFO: 17.04.2022 13:07:14 PM: update_match_data: Match data updated! Match id: 207045
INFO: 17.04.2022 14:00:09 PM: read_next_round_data: Round {round} data successfully read
INFO: 17.04.2022 14:02:55 PM: read_next_round_data: Round {round} data successfully read
INFO: 17.04.2022 14:09:34 PM: read_next_round_data: Round {round} data successfully read
INFO: 17.04.2022 14:09:45 PM: read_next_round_data: Round {round} data successfully read
INFO: 17.04.2022 14:10:07 PM: read_next_round_data: Round {round} data successfully read
INFO: 17.04.2022 14:15:51 PM: read_next_round_data: Round {round} data successfully read
INFO: 17.04.2022 14:17:26 PM: read_next_round_data: Round {round} data successfully read
INFO: 17.04.2022 14:17:45 PM: read_next_round_data: Round {round} data successfully read
INFO: 17.04.2022 14:19:23 PM: read_next_round_data: Round {round} data successfully read
INFO: 17.04.2022 14:19:28 PM: read_next_round_data: Round {round} data successfully read
INFO: 17.04.2022 14:19:34 PM: read_next_round_data: Round {round} data successfully read
INFO: 17.04.2022 15:13:05 PM: read_team_previous_matches: Team 1768 previous matches read successfully
INFO: 17.04.2022 15:13:24 PM: read_team_previous_matches: Team 1768 previous matches read successfully
INFO: 17.04.2022 15:13:35 PM: read_team_previous_matches: Team 1768 previous matches read successfully
INFO: 17.04.2022 15:14:25 PM: read_team_previous_matches: Team 1768 previous matches read successfully
INFO: 17.04.2022 15:15:38 PM: read_team_previous_matches: Team 1768 previous matches read successfully
INFO: 17.04.2022 15:24:33 PM: read_match_data: Data on 206855 successfully read
INFO: 17.04.2022 15:35:08 PM: read_match_data: Data on 207048 successfully read
INFO: 17.04.2022 15:54:44 PM: read_match_data: Data on 207048 successfully read
INFO: 17.04.2022 15:56:13 PM: read_match_data: Data on 207048 successfully read
INFO: 17.04.2022 15:57:22 PM: read_match_data: Data on 207048 successfully read
INFO: 17.04.2022 15:59:36 PM: read_match_data: Data on 207048 successfully read
INFO: 17.04.2022 16:00:08 PM: read_match_data: Data on 207048 successfully read
INFO: 17.04.2022 16:01:09 PM: read_match_data: Data on 207048 successfully read
INFO: 17.04.2022 16:02:40 PM: read_match_data: Data on 207048 successfully read
INFO: 17.04.2022 16:05:34 PM: read_match_data: Data on 207048 successfully read
INFO: 17.04.2022 20:27:33 PM: read_match_data: Data on 206853 successfully read
INFO: 17.04.2022 20:27:40 PM: read_match_data: Data on 206853 successfully read
INFO: 17.04.2022 20:31:25 PM: read_match_data: Data on 206853 successfully read
INFO: 17.04.2022 20:31:57 PM: update_match_data: Match data updated! Match id: 206853
INFO: 17.04.2022 20:32:42 PM: read_match_data: Data on 206853 successfully read
INFO: 17.04.2022 20:56:13 PM: read_match_data: Data on 206853 successfully read
INFO: 18.04.2022 22:06:57 PM: update_match_data: Match data updated! Match id: 206853
INFO: 18.04.2022 22:06:58 PM: update_match_data: Match data updated! Match id: 206854
INFO: 18.04.2022 22:06:58 PM: update_match_data: Match data updated! Match id: 206855
INFO: 18.04.2022 22:06:59 PM: update_match_data: Match data updated! Match id: 206857
INFO: 18.04.2022 22:06:59 PM: update_match_data: Match data updated! Match id: 206859
INFO: 18.04.2022 22:06:59 PM: update_match_data: Match data updated! Match id: 206852
INFO: 18.04.2022 22:07:00 PM: update_match_data: Match data updated! Match id: 206856
INFO: 18.04.2022 22:07:00 PM: update_match_data: Match data updated! Match id: 206858
INFO: 18.04.2022 22:07:00 PM: update_match_data: Match data updated! Match id: 206866
INFO: 18.04.2022 22:07:01 PM: update_match_data: Match data updated! Match id: 206867
INFO: 18.04.2022 22:16:38 PM: update_match_data: Match data updated! Match id: 206853
INFO: 18.04.2022 22:16:49 PM: update_match_data: Match data updated! Match id: 206854
INFO: 18.04.2022 22:16:59 PM: update_match_data: Match data updated! Match id: 206855
INFO: 18.04.2022 22:17:09 PM: update_match_data: Match data updated! Match id: 206857
INFO: 18.04.2022 22:17:19 PM: update_match_data: Match data updated! Match id: 206859
INFO: 18.04.2022 22:17:30 PM: update_match_data: Match data updated! Match id: 206852
INFO: 18.04.2022 22:17:40 PM: update_match_data: Match data updated! Match id: 206856
INFO: 18.04.2022 22:17:51 PM: update_match_data: Match data updated! Match id: 206858
INFO: 18.04.2022 22:18:01 PM: update_match_data: Match data updated! Match id: 206866
INFO: 18.04.2022 22:18:11 PM: update_match_data: Match data updated! Match id: 206867
INFO: 18.04.2022 22:18:22 PM: update_match_data: Match data updated! Match id: 206860
INFO: 18.04.2022 22:18:32 PM: update_match_data: Match data updated! Match id: 206862
INFO: 18.04.2022 22:18:42 PM: update_match_data: Match data updated! Match id: 206863
INFO: 18.04.2022 22:18:53 PM: update_match_data: Match data updated! Match id: 206864
INFO: 18.04.2022 22:19:03 PM: update_match_data: Match data updated! Match id: 206865
INFO: 18.04.2022 22:19:13 PM: update_match_data: Match data updated! Match id: 206861
INFO: 18.04.2022 22:19:24 PM: update_match_data: Match data updated! Match id: 206873
INFO: 18.04.2022 22:19:34 PM: update_match_data: Match data updated! Match id: 206869
INFO: 18.04.2022 22:19:44 PM: update_match_data: Match data updated! Match id: 206882
INFO: 18.04.2022 22:19:55 PM: update_match_data: Match data updated! Match id: 206872
INFO: 18.04.2022 22:20:05 PM: update_match_data: Match data updated! Match id: 206868
INFO: 18.04.2022 22:20:16 PM: update_match_data: Match data updated! Match id: 206871
INFO: 18.04.2022 22:20:26 PM: update_match_data: Match data updated! Match id: 206876
INFO: 18.04.2022 22:20:36 PM: update_match_data: Match data updated! Match id: 206870
INFO: 18.04.2022 22:20:47 PM: update_match_data: Match data updated! Match id: 206874
INFO: 18.04.2022 22:20:57 PM: update_match_data: Match data updated! Match id: 206875
INFO: 18.04.2022 22:21:07 PM: update_match_data: Match data updated! Match id: 206878
INFO: 18.04.2022 22:21:18 PM: update_match_data: Match data updated! Match id: 206883
INFO: 18.04.2022 22:21:28 PM: update_match_data: Match data updated! Match id: 206877
INFO: 18.04.2022 22:21:39 PM: update_match_data: Match data updated! Match id: 206879
INFO: 18.04.2022 22:21:49 PM: update_match_data: Match data updated! Match id: 206881
INFO: 18.04.2022 22:21:59 PM: update_match_data: Match data updated! Match id: 206880
INFO: 18.04.2022 22:22:10 PM: update_match_data: Match data updated! Match id: 206885
INFO: 18.04.2022 22:22:20 PM: update_match_data: Match data updated! Match id: 206891
INFO: 18.04.2022 22:22:30 PM: update_match_data: Match data updated! Match id: 206884
INFO: 18.04.2022 22:22:41 PM: update_match_data: Match data updated! Match id: 206886
INFO: 18.04.2022 22:22:51 PM: update_match_data: Match data updated! Match id: 206889
INFO: 18.04.2022 22:23:01 PM: update_match_data: Match data updated! Match id: 206887
INFO: 18.04.2022 22:23:12 PM: update_match_data: Match data updated! Match id: 206888
INFO: 18.04.2022 22:23:22 PM: update_match_data: Match data updated! Match id: 206890
INFO: 18.04.2022 22:23:33 PM: update_match_data: Match data updated! Match id: 206892
INFO: 18.04.2022 22:23:43 PM: update_match_data: Match data updated! Match id: 206895
INFO: 18.04.2022 22:23:53 PM: update_match_data: Match data updated! Match id: 206896
INFO: 18.04.2022 22:24:04 PM: update_match_data: Match data updated! Match id: 206899
INFO: 18.04.2022 22:24:14 PM: update_match_data: Match data updated! Match id: 206897
INFO: 18.04.2022 22:24:25 PM: update_match_data: Match data updated! Match id: 206898
INFO: 18.04.2022 22:24:35 PM: update_match_data: Match data updated! Match id: 206893
INFO: 18.04.2022 22:24:45 PM: update_match_data: Match data updated! Match id: 206894
INFO: 18.04.2022 22:24:56 PM: update_match_data: Match data updated! Match id: 206905
INFO: 18.04.2022 22:25:06 PM: update_match_data: Match data updated! Match id: 206902
INFO: 18.04.2022 22:25:16 PM: update_match_data: Match data updated! Match id: 206909
INFO: 18.04.2022 22:25:27 PM: update_match_data: Match data updated! Match id: 206906
INFO: 18.04.2022 22:25:37 PM: update_match_data: Match data updated! Match id: 206903
INFO: 18.04.2022 22:25:47 PM: update_match_data: Match data updated! Match id: 206904
INFO: 18.04.2022 22:25:58 PM: update_match_data: Match data updated! Match id: 206901
INFO: 18.04.2022 22:26:08 PM: update_match_data: Match data updated! Match id: 206900
INFO: 18.04.2022 22:26:19 PM: update_match_data: Match data updated! Match id: 206914
INFO: 18.04.2022 22:26:29 PM: update_match_data: Match data updated! Match id: 206913
INFO: 18.04.2022 22:26:40 PM: update_match_data: Match data updated! Match id: 206907
INFO: 18.04.2022 22:26:50 PM: update_match_data: Match data updated! Match id: 206915
INFO: 18.04.2022 22:27:01 PM: update_match_data: Match data updated! Match id: 206912
INFO: 18.04.2022 22:27:11 PM: update_match_data: Match data updated! Match id: 206908
INFO: 18.04.2022 22:27:21 PM: update_match_data: Match data updated! Match id: 206911
INFO: 18.04.2022 22:27:32 PM: update_match_data: Match data updated! Match id: 206910
INFO: 18.04.2022 22:27:42 PM: update_match_data: Match data updated! Match id: 206930
INFO: 18.04.2022 22:27:52 PM: update_match_data: Match data updated! Match id: 206920
INFO: 18.04.2022 22:28:03 PM: update_match_data: Match data updated! Match id: 206916
INFO: 18.04.2022 22:28:13 PM: update_match_data: Match data updated! Match id: 206921
INFO: 18.04.2022 22:28:24 PM: update_match_data: Match data updated! Match id: 206927
INFO: 18.04.2022 22:32:57 PM: read_match_data: Data on 206853 successfully read
INFO: 18.04.2022 22:32:57 PM: read_match_data: Data on 206854 successfully read
INFO: 18.04.2022 22:32:57 PM: read_match_data: Data on 206855 successfully read
INFO: 18.04.2022 22:32:57 PM: read_match_data: Data on 206857 successfully read
INFO: 18.04.2022 22:32:57 PM: read_match_data: Data on 206859 successfully read
INFO: 18.04.2022 22:32:57 PM: read_match_data: Data on 206852 successfully read
INFO: 18.04.2022 22:32:57 PM: read_match_data: Data on 206856 successfully read
INFO: 18.04.2022 22:32:57 PM: read_match_data: Data on 206858 successfully read
INFO: 18.04.2022 22:32:57 PM: read_match_data: Data on 206866 successfully read
INFO: 18.04.2022 22:32:57 PM: read_match_data: Data on 206867 successfully read
INFO: 18.04.2022 22:32:57 PM: read_match_data: Data on 206860 successfully read
INFO: 18.04.2022 22:32:57 PM: read_match_data: Data on 206862 successfully read
INFO: 18.04.2022 22:32:57 PM: read_match_data: Data on 206863 successfully read
INFO: 18.04.2022 22:32:57 PM: read_match_data: Data on 206864 successfully read
INFO: 18.04.2022 22:32:57 PM: read_match_data: Data on 206865 successfully read
INFO: 18.04.2022 22:32:57 PM: read_match_data: Data on 206861 successfully read
INFO: 18.04.2022 22:32:57 PM: read_match_data: Data on 206873 successfully read
INFO: 18.04.2022 22:32:57 PM: read_match_data: Data on 206869 successfully read
INFO: 18.04.2022 22:32:57 PM: read_match_data: Data on 206882 successfully read
INFO: 18.04.2022 22:32:57 PM: read_match_data: Data on 206872 successfully read
INFO: 18.04.2022 22:32:57 PM: read_match_data: Data on 206868 successfully read
INFO: 18.04.2022 22:32:57 PM: read_match_data: Data on 206871 successfully read
INFO: 18.04.2022 22:32:57 PM: read_match_data: Data on 206876 successfully read
INFO: 18.04.2022 22:32:57 PM: read_match_data: Data on 206870 successfully read
INFO: 18.04.2022 22:32:57 PM: read_match_data: Data on 206874 successfully read
INFO: 18.04.2022 22:32:57 PM: read_match_data: Data on 206875 successfully read
INFO: 18.04.2022 22:32:57 PM: read_match_data: Data on 206878 successfully read
INFO: 18.04.2022 22:32:57 PM: read_match_data: Data on 206883 successfully read
INFO: 18.04.2022 22:32:57 PM: read_match_data: Data on 206877 successfully read
INFO: 18.04.2022 22:32:57 PM: read_match_data: Data on 206879 successfully read
INFO: 18.04.2022 22:32:57 PM: read_match_data: Data on 206881 successfully read
INFO: 18.04.2022 22:32:57 PM: read_match_data: Data on 206880 successfully read
INFO: 18.04.2022 22:32:57 PM: read_match_data: Data on 206885 successfully read
INFO: 18.04.2022 22:32:57 PM: read_match_data: Data on 206891 successfully read
INFO: 18.04.2022 22:32:57 PM: read_match_data: Data on 206884 successfully read
INFO: 18.04.2022 22:32:57 PM: read_match_data: Data on 206886 successfully read
INFO: 18.04.2022 22:32:57 PM: read_match_data: Data on 206889 successfully read
INFO: 18.04.2022 22:32:57 PM: read_match_data: Data on 206887 successfully read
INFO: 18.04.2022 22:32:57 PM: read_match_data: Data on 206888 successfully read
INFO: 18.04.2022 22:32:57 PM: read_match_data: Data on 206890 successfully read
INFO: 18.04.2022 22:34:03 PM: read_match_data: Data on 206853 successfully read
INFO: 18.04.2022 22:46:15 PM: read_match_data: Data on 206853 successfully read
INFO: 18.04.2022 22:46:15 PM: read_match_data: Data on 206854 successfully read
INFO: 18.04.2022 22:46:15 PM: read_match_data: Data on 206855 successfully read
INFO: 18.04.2022 22:46:15 PM: read_match_data: Data on 206857 successfully read
INFO: 18.04.2022 22:46:15 PM: read_match_data: Data on 206859 successfully read
INFO: 18.04.2022 22:46:15 PM: read_match_data: Data on 206852 successfully read
INFO: 18.04.2022 22:46:15 PM: read_match_data: Data on 206856 successfully read
INFO: 18.04.2022 22:46:15 PM: read_match_data: Data on 206858 successfully read
INFO: 18.04.2022 22:46:15 PM: read_match_data: Data on 206866 successfully read
INFO: 18.04.2022 22:46:15 PM: read_match_data: Data on 206867 successfully read
INFO: 18.04.2022 22:46:15 PM: read_match_data: Data on 206860 successfully read
INFO: 18.04.2022 22:46:15 PM: read_match_data: Data on 206862 successfully read
INFO: 18.04.2022 22:46:15 PM: read_match_data: Data on 206863 successfully read
INFO: 18.04.2022 22:46:15 PM: read_match_data: Data on 206864 successfully read
INFO: 18.04.2022 22:46:15 PM: read_match_data: Data on 206865 successfully read
INFO: 18.04.2022 22:46:15 PM: read_match_data: Data on 206861 successfully read
INFO: 18.04.2022 22:46:15 PM: read_match_data: Data on 206873 successfully read
INFO: 18.04.2022 22:46:15 PM: read_match_data: Data on 206869 successfully read
INFO: 18.04.2022 22:46:15 PM: read_match_data: Data on 206882 successfully read
INFO: 18.04.2022 22:46:15 PM: read_match_data: Data on 206872 successfully read
INFO: 18.04.2022 22:46:15 PM: read_match_data: Data on 206868 successfully read
INFO: 18.04.2022 22:46:15 PM: read_match_data: Data on 206871 successfully read
INFO: 18.04.2022 22:46:15 PM: read_match_data: Data on 206876 successfully read
INFO: 18.04.2022 22:46:15 PM: read_match_data: Data on 206870 successfully read
INFO: 18.04.2022 22:46:15 PM: read_match_data: Data on 206874 successfully read
INFO: 18.04.2022 22:46:15 PM: read_match_data: Data on 206875 successfully read
INFO: 18.04.2022 22:46:15 PM: read_match_data: Data on 206878 successfully read
INFO: 18.04.2022 22:46:15 PM: read_match_data: Data on 206883 successfully read
INFO: 18.04.2022 22:46:15 PM: read_match_data: Data on 206877 successfully read
INFO: 18.04.2022 22:46:15 PM: read_match_data: Data on 206879 successfully read
INFO: 18.04.2022 22:46:15 PM: read_match_data: Data on 206881 successfully read
INFO: 18.04.2022 22:46:15 PM: read_match_data: Data on 206880 successfully read
INFO: 18.04.2022 22:46:15 PM: read_match_data: Data on 206885 successfully read
INFO: 18.04.2022 22:46:15 PM: read_match_data: Data on 206891 successfully read
INFO: 18.04.2022 22:46:15 PM: read_match_data: Data on 206884 successfully read
INFO: 18.04.2022 22:46:15 PM: read_match_data: Data on 206886 successfully read
INFO: 18.04.2022 22:46:15 PM: read_match_data: Data on 206889 successfully read
INFO: 18.04.2022 22:46:15 PM: read_match_data: Data on 206887 successfully read
INFO: 18.04.2022 22:46:15 PM: read_match_data: Data on 206888 successfully read
INFO: 18.04.2022 22:46:15 PM: read_match_data: Data on 206890 successfully read
INFO: 18.04.2022 22:46:15 PM: read_match_data: Data on 206892 successfully read
INFO: 18.04.2022 22:46:15 PM: read_match_data: Data on 206895 successfully read
INFO: 18.04.2022 22:46:15 PM: read_match_data: Data on 206896 successfully read
INFO: 18.04.2022 22:46:15 PM: read_match_data: Data on 206899 successfully read
INFO: 18.04.2022 22:46:15 PM: read_match_data: Data on 206897 successfully read
INFO: 18.04.2022 22:46:15 PM: read_match_data: Data on 206898 successfully read
INFO: 18.04.2022 22:46:15 PM: read_match_data: Data on 206893 successfully read
INFO: 18.04.2022 22:46:15 PM: read_match_data: Data on 206894 successfully read
INFO: 18.04.2022 22:46:15 PM: read_match_data: Data on 206905 successfully read
INFO: 18.04.2022 22:46:15 PM: read_match_data: Data on 206902 successfully read
INFO: 18.04.2022 22:46:15 PM: read_match_data: Data on 206909 successfully read
INFO: 18.04.2022 22:46:15 PM: read_match_data: Data on 206906 successfully read
INFO: 18.04.2022 22:46:15 PM: read_match_data: Data on 206903 successfully read
INFO: 18.04.2022 22:46:15 PM: read_match_data: Data on 206904 successfully read
INFO: 18.04.2022 22:46:15 PM: read_match_data: Data on 206901 successfully read
INFO: 18.04.2022 22:46:15 PM: read_match_data: Data on 206900 successfully read
INFO: 18.04.2022 22:46:15 PM: read_match_data: Data on 206914 successfully read
INFO: 18.04.2022 22:46:15 PM: read_match_data: Data on 206913 successfully read
INFO: 18.04.2022 22:46:15 PM: read_match_data: Data on 206907 successfully read
INFO: 18.04.2022 22:46:15 PM: read_match_data: Data on 206915 successfully read
INFO: 18.04.2022 22:46:15 PM: read_match_data: Data on 206912 successfully read
INFO: 18.04.2022 22:46:15 PM: read_match_data: Data on 206908 successfully read
INFO: 18.04.2022 22:46:15 PM: read_match_data: Data on 206911 successfully read
INFO: 18.04.2022 22:46:15 PM: read_match_data: Data on 206910 successfully read
INFO: 18.04.2022 22:46:15 PM: read_match_data: Data on 206930 successfully read
INFO: 18.04.2022 22:46:15 PM: read_match_data: Data on 206920 successfully read
INFO: 18.04.2022 22:46:15 PM: read_match_data: Data on 206916 successfully read
INFO: 18.04.2022 22:46:15 PM: read_match_data: Data on 206921 successfully read
INFO: 18.04.2022 22:46:15 PM: read_match_data: Data on 206927 successfully read
INFO: 18.04.2022 22:46:15 PM: read_match_data: Data on 206918 successfully read
INFO: 18.04.2022 22:46:40 PM: read_match_data: Data on 206853 successfully read
INFO: 18.04.2022 22:46:40 PM: read_match_data: Data on 206854 successfully read
INFO: 18.04.2022 22:46:40 PM: read_match_data: Data on 206855 successfully read
INFO: 18.04.2022 22:46:40 PM: read_match_data: Data on 206857 successfully read
INFO: 18.04.2022 22:46:40 PM: read_match_data: Data on 206859 successfully read
INFO: 18.04.2022 22:46:40 PM: read_match_data: Data on 206852 successfully read
INFO: 18.04.2022 22:46:40 PM: read_match_data: Data on 206856 successfully read
INFO: 18.04.2022 22:46:40 PM: read_match_data: Data on 206858 successfully read
INFO: 18.04.2022 22:46:40 PM: read_match_data: Data on 206866 successfully read
INFO: 18.04.2022 22:46:40 PM: read_match_data: Data on 206867 successfully read
INFO: 18.04.2022 22:46:40 PM: read_match_data: Data on 206860 successfully read
INFO: 18.04.2022 22:46:40 PM: read_match_data: Data on 206862 successfully read
INFO: 18.04.2022 22:46:40 PM: read_match_data: Data on 206863 successfully read
INFO: 18.04.2022 22:46:40 PM: read_match_data: Data on 206864 successfully read
INFO: 18.04.2022 22:46:40 PM: read_match_data: Data on 206865 successfully read
INFO: 18.04.2022 22:46:40 PM: read_match_data: Data on 206861 successfully read
INFO: 18.04.2022 22:46:40 PM: read_match_data: Data on 206873 successfully read
INFO: 18.04.2022 22:46:40 PM: read_match_data: Data on 206869 successfully read
INFO: 18.04.2022 22:46:40 PM: read_match_data: Data on 206882 successfully read
INFO: 18.04.2022 22:46:40 PM: read_match_data: Data on 206872 successfully read
INFO: 18.04.2022 22:46:40 PM: read_match_data: Data on 206868 successfully read
INFO: 18.04.2022 22:46:40 PM: read_match_data: Data on 206871 successfully read
INFO: 18.04.2022 22:46:40 PM: read_match_data: Data on 206876 successfully read
INFO: 18.04.2022 22:46:40 PM: read_match_data: Data on 206870 successfully read
INFO: 18.04.2022 22:46:40 PM: read_match_data: Data on 206874 successfully read
INFO: 18.04.2022 22:46:40 PM: read_match_data: Data on 206875 successfully read
INFO: 18.04.2022 22:46:40 PM: read_match_data: Data on 206878 successfully read
INFO: 18.04.2022 22:46:40 PM: read_match_data: Data on 206883 successfully read
INFO: 18.04.2022 22:46:40 PM: read_match_data: Data on 206877 successfully read
INFO: 18.04.2022 22:46:40 PM: read_match_data: Data on 206879 successfully read
INFO: 18.04.2022 22:46:40 PM: read_match_data: Data on 206881 successfully read
INFO: 18.04.2022 22:46:40 PM: read_match_data: Data on 206880 successfully read
INFO: 18.04.2022 22:46:40 PM: read_match_data: Data on 206885 successfully read
INFO: 18.04.2022 22:46:40 PM: read_match_data: Data on 206891 successfully read
INFO: 18.04.2022 22:46:40 PM: read_match_data: Data on 206884 successfully read
INFO: 18.04.2022 22:46:40 PM: read_match_data: Data on 206886 successfully read
INFO: 18.04.2022 22:46:40 PM: read_match_data: Data on 206889 successfully read
INFO: 18.04.2022 22:46:40 PM: read_match_data: Data on 206887 successfully read
INFO: 18.04.2022 22:46:40 PM: read_match_data: Data on 206888 successfully read
INFO: 18.04.2022 22:46:40 PM: read_match_data: Data on 206890 successfully read
INFO: 18.04.2022 22:47:51 PM: read_match_data: Data on 206853 successfully read
INFO: 18.04.2022 22:47:51 PM: read_match_data: Data on 206854 successfully read
INFO: 18.04.2022 22:47:51 PM: read_match_data: Data on 206855 successfully read
INFO: 18.04.2022 22:47:51 PM: read_match_data: Data on 206857 successfully read
INFO: 18.04.2022 22:47:51 PM: read_match_data: Data on 206859 successfully read
INFO: 18.04.2022 22:47:51 PM: read_match_data: Data on 206852 successfully read
INFO: 18.04.2022 22:47:51 PM: read_match_data: Data on 206856 successfully read
INFO: 18.04.2022 22:47:51 PM: read_match_data: Data on 206858 successfully read
INFO: 18.04.2022 22:47:51 PM: read_match_data: Data on 206866 successfully read
INFO: 18.04.2022 22:47:51 PM: read_match_data: Data on 206867 successfully read
INFO: 18.04.2022 22:47:51 PM: read_match_data: Data on 206860 successfully read
INFO: 18.04.2022 22:47:51 PM: read_match_data: Data on 206862 successfully read
INFO: 18.04.2022 22:47:51 PM: read_match_data: Data on 206863 successfully read
INFO: 18.04.2022 22:47:51 PM: read_match_data: Data on 206864 successfully read
INFO: 18.04.2022 22:47:51 PM: read_match_data: Data on 206865 successfully read
INFO: 18.04.2022 22:47:51 PM: read_match_data: Data on 206861 successfully read
INFO: 18.04.2022 22:47:51 PM: read_match_data: Data on 206873 successfully read
INFO: 18.04.2022 22:47:51 PM: read_match_data: Data on 206869 successfully read
INFO: 18.04.2022 22:47:51 PM: read_match_data: Data on 206882 successfully read
INFO: 18.04.2022 22:47:51 PM: read_match_data: Data on 206872 successfully read
INFO: 18.04.2022 22:47:51 PM: read_match_data: Data on 206868 successfully read
INFO: 18.04.2022 22:47:51 PM: read_match_data: Data on 206871 successfully read
INFO: 18.04.2022 22:47:51 PM: read_match_data: Data on 206876 successfully read
INFO: 18.04.2022 22:47:51 PM: read_match_data: Data on 206870 successfully read
INFO: 18.04.2022 22:47:51 PM: read_match_data: Data on 206874 successfully read
INFO: 18.04.2022 22:47:51 PM: read_match_data: Data on 206875 successfully read
INFO: 18.04.2022 22:47:51 PM: read_match_data: Data on 206878 successfully read
INFO: 18.04.2022 22:47:51 PM: read_match_data: Data on 206883 successfully read
INFO: 18.04.2022 22:47:51 PM: read_match_data: Data on 206877 successfully read
INFO: 18.04.2022 22:47:51 PM: read_match_data: Data on 206879 successfully read
INFO: 18.04.2022 22:47:51 PM: read_match_data: Data on 206881 successfully read
INFO: 18.04.2022 22:47:51 PM: read_match_data: Data on 206880 successfully read
INFO: 18.04.2022 22:47:51 PM: read_match_data: Data on 206885 successfully read
INFO: 18.04.2022 22:47:51 PM: read_match_data: Data on 206891 successfully read
INFO: 18.04.2022 22:47:51 PM: read_match_data: Data on 206884 successfully read
INFO: 18.04.2022 22:47:51 PM: read_match_data: Data on 206886 successfully read
INFO: 18.04.2022 22:47:51 PM: read_match_data: Data on 206889 successfully read
INFO: 18.04.2022 22:47:51 PM: read_match_data: Data on 206887 successfully read
INFO: 18.04.2022 22:47:51 PM: read_match_data: Data on 206888 successfully read
INFO: 18.04.2022 22:47:51 PM: read_match_data: Data on 206890 successfully read
INFO: 18.04.2022 22:49:55 PM: read_match_data: Data on 206853 successfully read
INFO: 18.04.2022 22:49:55 PM: read_match_data: Data on 206854 successfully read
INFO: 18.04.2022 22:49:55 PM: read_match_data: Data on 206855 successfully read
INFO: 18.04.2022 22:49:55 PM: read_match_data: Data on 206857 successfully read
INFO: 18.04.2022 22:49:55 PM: read_match_data: Data on 206859 successfully read
INFO: 18.04.2022 22:49:55 PM: read_match_data: Data on 206852 successfully read
INFO: 18.04.2022 22:49:55 PM: read_match_data: Data on 206856 successfully read
INFO: 18.04.2022 22:49:55 PM: read_match_data: Data on 206858 successfully read
INFO: 18.04.2022 22:49:55 PM: read_match_data: Data on 206866 successfully read
INFO: 18.04.2022 22:49:55 PM: read_match_data: Data on 206867 successfully read
INFO: 18.04.2022 22:49:55 PM: read_match_data: Data on 206860 successfully read
INFO: 18.04.2022 22:49:55 PM: read_match_data: Data on 206862 successfully read
INFO: 18.04.2022 22:49:55 PM: read_match_data: Data on 206863 successfully read
INFO: 18.04.2022 22:49:55 PM: read_match_data: Data on 206864 successfully read
INFO: 18.04.2022 22:49:55 PM: read_match_data: Data on 206865 successfully read
INFO: 18.04.2022 22:49:55 PM: read_match_data: Data on 206861 successfully read
INFO: 18.04.2022 22:49:55 PM: read_match_data: Data on 206873 successfully read
INFO: 18.04.2022 22:49:55 PM: read_match_data: Data on 206869 successfully read
INFO: 18.04.2022 22:49:55 PM: read_match_data: Data on 206882 successfully read
INFO: 18.04.2022 22:49:55 PM: read_match_data: Data on 206872 successfully read
INFO: 18.04.2022 22:49:55 PM: read_match_data: Data on 206868 successfully read
INFO: 18.04.2022 22:49:55 PM: read_match_data: Data on 206871 successfully read
INFO: 18.04.2022 22:49:55 PM: read_match_data: Data on 206876 successfully read
INFO: 18.04.2022 22:49:55 PM: read_match_data: Data on 206870 successfully read
INFO: 18.04.2022 22:49:55 PM: read_match_data: Data on 206874 successfully read
INFO: 18.04.2022 22:49:55 PM: read_match_data: Data on 206875 successfully read
INFO: 18.04.2022 22:49:55 PM: read_match_data: Data on 206878 successfully read
INFO: 18.04.2022 22:49:55 PM: read_match_data: Data on 206883 successfully read
INFO: 18.04.2022 22:49:55 PM: read_match_data: Data on 206877 successfully read
INFO: 18.04.2022 22:49:55 PM: read_match_data: Data on 206879 successfully read
INFO: 18.04.2022 22:49:55 PM: read_match_data: Data on 206881 successfully read
INFO: 18.04.2022 22:49:55 PM: read_match_data: Data on 206880 successfully read
INFO: 18.04.2022 22:49:55 PM: read_match_data: Data on 206885 successfully read
INFO: 18.04.2022 22:49:55 PM: read_match_data: Data on 206891 successfully read
INFO: 18.04.2022 22:49:55 PM: read_match_data: Data on 206884 successfully read
INFO: 18.04.2022 22:49:55 PM: read_match_data: Data on 206886 successfully read
INFO: 18.04.2022 22:49:55 PM: read_match_data: Data on 206889 successfully read
INFO: 18.04.2022 22:49:55 PM: read_match_data: Data on 206887 successfully read
INFO: 18.04.2022 22:49:55 PM: read_match_data: Data on 206888 successfully read
INFO: 18.04.2022 22:49:55 PM: read_match_data: Data on 206890 successfully read
INFO: 18.04.2022 22:50:08 PM: read_match_data: Data on 206853 successfully read
INFO: 18.04.2022 22:50:08 PM: read_match_data: Data on 206854 successfully read
INFO: 18.04.2022 22:50:08 PM: read_match_data: Data on 206855 successfully read
INFO: 18.04.2022 22:50:08 PM: read_match_data: Data on 206857 successfully read
INFO: 18.04.2022 22:50:08 PM: read_match_data: Data on 206859 successfully read
INFO: 18.04.2022 22:50:08 PM: read_match_data: Data on 206852 successfully read
INFO: 18.04.2022 22:50:08 PM: read_match_data: Data on 206856 successfully read
INFO: 18.04.2022 22:50:08 PM: read_match_data: Data on 206858 successfully read
INFO: 18.04.2022 22:50:08 PM: read_match_data: Data on 206866 successfully read
INFO: 18.04.2022 22:50:08 PM: read_match_data: Data on 206867 successfully read
INFO: 18.04.2022 22:50:08 PM: read_match_data: Data on 206860 successfully read
INFO: 18.04.2022 22:50:08 PM: read_match_data: Data on 206862 successfully read
INFO: 18.04.2022 22:50:08 PM: read_match_data: Data on 206863 successfully read
INFO: 18.04.2022 22:50:08 PM: read_match_data: Data on 206864 successfully read
INFO: 18.04.2022 22:50:08 PM: read_match_data: Data on 206865 successfully read
INFO: 18.04.2022 22:50:08 PM: read_match_data: Data on 206861 successfully read
INFO: 18.04.2022 22:50:08 PM: read_match_data: Data on 206873 successfully read
INFO: 18.04.2022 22:50:08 PM: read_match_data: Data on 206869 successfully read
INFO: 18.04.2022 22:50:08 PM: read_match_data: Data on 206882 successfully read
INFO: 18.04.2022 22:50:08 PM: read_match_data: Data on 206872 successfully read
INFO: 18.04.2022 22:50:08 PM: read_match_data: Data on 206868 successfully read
INFO: 18.04.2022 22:50:08 PM: read_match_data: Data on 206871 successfully read
INFO: 18.04.2022 22:50:08 PM: read_match_data: Data on 206876 successfully read
INFO: 18.04.2022 22:50:08 PM: read_match_data: Data on 206870 successfully read
INFO: 18.04.2022 22:50:08 PM: read_match_data: Data on 206874 successfully read
INFO: 18.04.2022 22:50:08 PM: read_match_data: Data on 206875 successfully read
INFO: 18.04.2022 22:50:08 PM: read_match_data: Data on 206878 successfully read
INFO: 18.04.2022 22:50:08 PM: read_match_data: Data on 206883 successfully read
INFO: 18.04.2022 22:50:08 PM: read_match_data: Data on 206877 successfully read
INFO: 18.04.2022 22:50:08 PM: read_match_data: Data on 206879 successfully read
INFO: 18.04.2022 22:50:08 PM: read_match_data: Data on 206881 successfully read
INFO: 18.04.2022 22:50:08 PM: read_match_data: Data on 206880 successfully read
INFO: 18.04.2022 22:50:08 PM: read_match_data: Data on 206885 successfully read
INFO: 18.04.2022 22:50:08 PM: read_match_data: Data on 206891 successfully read
INFO: 18.04.2022 22:50:08 PM: read_match_data: Data on 206884 successfully read
INFO: 18.04.2022 22:50:08 PM: read_match_data: Data on 206886 successfully read
INFO: 18.04.2022 22:50:08 PM: read_match_data: Data on 206889 successfully read
INFO: 18.04.2022 22:50:08 PM: read_match_data: Data on 206887 successfully read
INFO: 18.04.2022 22:50:08 PM: read_match_data: Data on 206888 successfully read
INFO: 18.04.2022 22:50:08 PM: read_match_data: Data on 206890 successfully read
INFO: 18.04.2022 23:02:07 PM: read_match_data: Data on 206853 successfully read
INFO: 18.04.2022 23:02:07 PM: read_match_data: Data on 206854 successfully read
INFO: 18.04.2022 23:02:07 PM: read_match_data: Data on 206855 successfully read
INFO: 18.04.2022 23:02:07 PM: read_match_data: Data on 206857 successfully read
INFO: 18.04.2022 23:02:07 PM: read_match_data: Data on 206859 successfully read
INFO: 18.04.2022 23:02:07 PM: read_match_data: Data on 206852 successfully read
INFO: 18.04.2022 23:02:07 PM: read_match_data: Data on 206856 successfully read
INFO: 18.04.2022 23:02:07 PM: read_match_data: Data on 206858 successfully read
INFO: 18.04.2022 23:02:07 PM: read_match_data: Data on 206866 successfully read
INFO: 18.04.2022 23:02:07 PM: read_match_data: Data on 206867 successfully read
INFO: 18.04.2022 23:02:07 PM: read_match_data: Data on 206860 successfully read
INFO: 18.04.2022 23:02:07 PM: read_match_data: Data on 206862 successfully read
INFO: 18.04.2022 23:02:07 PM: read_match_data: Data on 206863 successfully read
INFO: 18.04.2022 23:02:07 PM: read_match_data: Data on 206864 successfully read
INFO: 18.04.2022 23:02:07 PM: read_match_data: Data on 206865 successfully read
INFO: 18.04.2022 23:02:07 PM: read_match_data: Data on 206861 successfully read
INFO: 18.04.2022 23:02:07 PM: read_match_data: Data on 206873 successfully read
INFO: 18.04.2022 23:02:07 PM: read_match_data: Data on 206869 successfully read
INFO: 18.04.2022 23:02:07 PM: read_match_data: Data on 206882 successfully read
INFO: 18.04.2022 23:02:07 PM: read_match_data: Data on 206872 successfully read
INFO: 18.04.2022 23:02:07 PM: read_match_data: Data on 206868 successfully read
INFO: 18.04.2022 23:02:07 PM: read_match_data: Data on 206871 successfully read
INFO: 18.04.2022 23:02:07 PM: read_match_data: Data on 206876 successfully read
INFO: 18.04.2022 23:02:07 PM: read_match_data: Data on 206870 successfully read
INFO: 18.04.2022 23:02:07 PM: read_match_data: Data on 206874 successfully read
INFO: 18.04.2022 23:02:07 PM: read_match_data: Data on 206875 successfully read
INFO: 18.04.2022 23:02:07 PM: read_match_data: Data on 206878 successfully read
INFO: 18.04.2022 23:02:07 PM: read_match_data: Data on 206883 successfully read
INFO: 18.04.2022 23:02:07 PM: read_match_data: Data on 206877 successfully read
INFO: 18.04.2022 23:02:07 PM: read_match_data: Data on 206879 successfully read
INFO: 18.04.2022 23:02:07 PM: read_match_data: Data on 206881 successfully read
INFO: 18.04.2022 23:02:07 PM: read_match_data: Data on 206880 successfully read
INFO: 18.04.2022 23:02:07 PM: read_match_data: Data on 206885 successfully read
INFO: 18.04.2022 23:02:07 PM: read_match_data: Data on 206891 successfully read
INFO: 18.04.2022 23:02:07 PM: read_match_data: Data on 206884 successfully read
INFO: 18.04.2022 23:02:07 PM: read_match_data: Data on 206886 successfully read
INFO: 18.04.2022 23:02:07 PM: read_match_data: Data on 206889 successfully read
INFO: 18.04.2022 23:02:07 PM: read_match_data: Data on 206887 successfully read
INFO: 18.04.2022 23:02:07 PM: read_match_data: Data on 206888 successfully read
INFO: 18.04.2022 23:02:07 PM: read_match_data: Data on 206890 successfully read
INFO: 18.04.2022 23:03:14 PM: read_match_data: Data on 206853 successfully read
INFO: 18.04.2022 23:03:14 PM: read_match_data: Data on 206854 successfully read
INFO: 18.04.2022 23:03:14 PM: read_match_data: Data on 206855 successfully read
INFO: 18.04.2022 23:03:14 PM: read_match_data: Data on 206857 successfully read
INFO: 18.04.2022 23:03:14 PM: read_match_data: Data on 206859 successfully read
INFO: 18.04.2022 23:03:14 PM: read_match_data: Data on 206852 successfully read
INFO: 18.04.2022 23:03:14 PM: read_match_data: Data on 206856 successfully read
INFO: 18.04.2022 23:03:14 PM: read_match_data: Data on 206858 successfully read
INFO: 18.04.2022 23:03:14 PM: read_match_data: Data on 206866 successfully read
INFO: 18.04.2022 23:03:14 PM: read_match_data: Data on 206867 successfully read
INFO: 18.04.2022 23:03:14 PM: read_match_data: Data on 206860 successfully read
INFO: 18.04.2022 23:03:14 PM: read_match_data: Data on 206862 successfully read
INFO: 18.04.2022 23:03:14 PM: read_match_data: Data on 206863 successfully read
INFO: 18.04.2022 23:03:14 PM: read_match_data: Data on 206864 successfully read
INFO: 18.04.2022 23:03:14 PM: read_match_data: Data on 206865 successfully read
INFO: 18.04.2022 23:03:14 PM: read_match_data: Data on 206861 successfully read
INFO: 18.04.2022 23:03:14 PM: read_match_data: Data on 206873 successfully read
INFO: 18.04.2022 23:03:14 PM: read_match_data: Data on 206869 successfully read
INFO: 18.04.2022 23:03:14 PM: read_match_data: Data on 206882 successfully read
INFO: 18.04.2022 23:03:14 PM: read_match_data: Data on 206872 successfully read
INFO: 18.04.2022 23:03:14 PM: read_match_data: Data on 206868 successfully read
INFO: 18.04.2022 23:03:14 PM: read_match_data: Data on 206871 successfully read
INFO: 18.04.2022 23:03:14 PM: read_match_data: Data on 206876 successfully read
INFO: 18.04.2022 23:03:14 PM: read_match_data: Data on 206870 successfully read
INFO: 18.04.2022 23:03:14 PM: read_match_data: Data on 206874 successfully read
INFO: 18.04.2022 23:03:14 PM: read_match_data: Data on 206875 successfully read
INFO: 18.04.2022 23:03:14 PM: read_match_data: Data on 206878 successfully read
INFO: 18.04.2022 23:03:14 PM: read_match_data: Data on 206883 successfully read
INFO: 18.04.2022 23:03:14 PM: read_match_data: Data on 206877 successfully read
INFO: 18.04.2022 23:03:14 PM: read_match_data: Data on 206879 successfully read
INFO: 18.04.2022 23:03:14 PM: read_match_data: Data on 206881 successfully read
INFO: 18.04.2022 23:03:14 PM: read_match_data: Data on 206880 successfully read
INFO: 18.04.2022 23:03:14 PM: read_match_data: Data on 206885 successfully read
INFO: 18.04.2022 23:03:14 PM: read_match_data: Data on 206891 successfully read
INFO: 18.04.2022 23:03:14 PM: read_match_data: Data on 206884 successfully read
INFO: 18.04.2022 23:03:14 PM: read_match_data: Data on 206886 successfully read
INFO: 18.04.2022 23:03:14 PM: read_match_data: Data on 206889 successfully read
INFO: 18.04.2022 23:03:14 PM: read_match_data: Data on 206887 successfully read
INFO: 18.04.2022 23:03:14 PM: read_match_data: Data on 206888 successfully read
INFO: 18.04.2022 23:03:14 PM: read_match_data: Data on 206890 successfully read
INFO: 18.04.2022 23:03:38 PM: read_match_data: Data on 206853 successfully read
INFO: 18.04.2022 23:03:38 PM: read_match_data: Data on 206854 successfully read
INFO: 18.04.2022 23:03:38 PM: read_match_data: Data on 206855 successfully read
INFO: 18.04.2022 23:03:38 PM: read_match_data: Data on 206857 successfully read
INFO: 18.04.2022 23:03:38 PM: read_match_data: Data on 206859 successfully read
INFO: 18.04.2022 23:03:38 PM: read_match_data: Data on 206852 successfully read
INFO: 18.04.2022 23:03:38 PM: read_match_data: Data on 206856 successfully read
INFO: 18.04.2022 23:03:38 PM: read_match_data: Data on 206858 successfully read
INFO: 18.04.2022 23:03:38 PM: read_match_data: Data on 206866 successfully read
INFO: 18.04.2022 23:03:38 PM: read_match_data: Data on 206867 successfully read
INFO: 18.04.2022 23:03:38 PM: read_match_data: Data on 206860 successfully read
INFO: 18.04.2022 23:03:38 PM: read_match_data: Data on 206862 successfully read
INFO: 18.04.2022 23:03:38 PM: read_match_data: Data on 206863 successfully read
INFO: 18.04.2022 23:03:38 PM: read_match_data: Data on 206864 successfully read
INFO: 18.04.2022 23:03:38 PM: read_match_data: Data on 206865 successfully read
INFO: 18.04.2022 23:03:38 PM: read_match_data: Data on 206861 successfully read
INFO: 18.04.2022 23:03:38 PM: read_match_data: Data on 206873 successfully read
INFO: 18.04.2022 23:03:38 PM: read_match_data: Data on 206869 successfully read
INFO: 18.04.2022 23:03:38 PM: read_match_data: Data on 206882 successfully read
INFO: 18.04.2022 23:03:38 PM: read_match_data: Data on 206872 successfully read
INFO: 18.04.2022 23:03:38 PM: read_match_data: Data on 206868 successfully read
INFO: 18.04.2022 23:03:38 PM: read_match_data: Data on 206871 successfully read
INFO: 18.04.2022 23:03:38 PM: read_match_data: Data on 206876 successfully read
INFO: 18.04.2022 23:03:38 PM: read_match_data: Data on 206870 successfully read
INFO: 18.04.2022 23:03:38 PM: read_match_data: Data on 206874 successfully read
INFO: 18.04.2022 23:03:38 PM: read_match_data: Data on 206875 successfully read
INFO: 18.04.2022 23:03:38 PM: read_match_data: Data on 206878 successfully read
INFO: 18.04.2022 23:03:38 PM: read_match_data: Data on 206883 successfully read
INFO: 18.04.2022 23:03:38 PM: read_match_data: Data on 206877 successfully read
INFO: 18.04.2022 23:03:38 PM: read_match_data: Data on 206879 successfully read
INFO: 18.04.2022 23:03:38 PM: read_match_data: Data on 206881 successfully read
INFO: 18.04.2022 23:03:38 PM: read_match_data: Data on 206880 successfully read
INFO: 18.04.2022 23:03:38 PM: read_match_data: Data on 206885 successfully read
INFO: 18.04.2022 23:03:38 PM: read_match_data: Data on 206891 successfully read
INFO: 18.04.2022 23:03:38 PM: read_match_data: Data on 206884 successfully read
INFO: 18.04.2022 23:03:38 PM: read_match_data: Data on 206886 successfully read
INFO: 18.04.2022 23:03:38 PM: read_match_data: Data on 206889 successfully read
INFO: 18.04.2022 23:03:38 PM: read_match_data: Data on 206887 successfully read
INFO: 18.04.2022 23:03:38 PM: read_match_data: Data on 206888 successfully read
INFO: 18.04.2022 23:03:38 PM: read_match_data: Data on 206890 successfully read
INFO: 18.04.2022 23:16:48 PM: read_match_data: Data on 206853 successfully read
INFO: 18.04.2022 23:16:48 PM: read_match_data: Data on 206854 successfully read
INFO: 18.04.2022 23:16:48 PM: read_match_data: Data on 206855 successfully read
INFO: 18.04.2022 23:16:48 PM: read_match_data: Data on 206857 successfully read
INFO: 18.04.2022 23:16:48 PM: read_match_data: Data on 206859 successfully read
INFO: 18.04.2022 23:16:48 PM: read_match_data: Data on 206852 successfully read
INFO: 18.04.2022 23:16:48 PM: read_match_data: Data on 206856 successfully read
INFO: 18.04.2022 23:16:48 PM: read_match_data: Data on 206858 successfully read
INFO: 18.04.2022 23:16:48 PM: read_match_data: Data on 206866 successfully read
INFO: 18.04.2022 23:16:48 PM: read_match_data: Data on 206867 successfully read
INFO: 18.04.2022 23:16:48 PM: read_match_data: Data on 206860 successfully read
INFO: 18.04.2022 23:16:48 PM: read_match_data: Data on 206862 successfully read
INFO: 18.04.2022 23:16:48 PM: read_match_data: Data on 206863 successfully read
INFO: 18.04.2022 23:16:48 PM: read_match_data: Data on 206864 successfully read
INFO: 18.04.2022 23:16:48 PM: read_match_data: Data on 206865 successfully read
INFO: 18.04.2022 23:16:48 PM: read_match_data: Data on 206861 successfully read
INFO: 18.04.2022 23:16:48 PM: read_match_data: Data on 206873 successfully read
INFO: 18.04.2022 23:16:48 PM: read_match_data: Data on 206869 successfully read
INFO: 18.04.2022 23:16:48 PM: read_match_data: Data on 206882 successfully read
INFO: 18.04.2022 23:16:48 PM: read_match_data: Data on 206872 successfully read
INFO: 18.04.2022 23:16:48 PM: read_match_data: Data on 206868 successfully read
INFO: 18.04.2022 23:16:48 PM: read_match_data: Data on 206871 successfully read
INFO: 18.04.2022 23:16:48 PM: read_match_data: Data on 206876 successfully read
INFO: 18.04.2022 23:16:48 PM: read_match_data: Data on 206870 successfully read
INFO: 18.04.2022 23:16:48 PM: read_match_data: Data on 206874 successfully read
INFO: 18.04.2022 23:16:48 PM: read_match_data: Data on 206875 successfully read
INFO: 18.04.2022 23:16:48 PM: read_match_data: Data on 206878 successfully read
INFO: 18.04.2022 23:16:48 PM: read_match_data: Data on 206883 successfully read
INFO: 18.04.2022 23:16:48 PM: read_match_data: Data on 206877 successfully read
INFO: 18.04.2022 23:16:48 PM: read_match_data: Data on 206879 successfully read
INFO: 18.04.2022 23:16:48 PM: read_match_data: Data on 206881 successfully read
INFO: 18.04.2022 23:16:48 PM: read_match_data: Data on 206880 successfully read
INFO: 18.04.2022 23:16:48 PM: read_match_data: Data on 206885 successfully read
INFO: 18.04.2022 23:16:48 PM: read_match_data: Data on 206891 successfully read
INFO: 18.04.2022 23:16:48 PM: read_match_data: Data on 206884 successfully read
INFO: 18.04.2022 23:16:48 PM: read_match_data: Data on 206886 successfully read
INFO: 18.04.2022 23:16:48 PM: read_match_data: Data on 206889 successfully read
INFO: 18.04.2022 23:16:48 PM: read_match_data: Data on 206887 successfully read
INFO: 18.04.2022 23:16:48 PM: read_match_data: Data on 206888 successfully read
INFO: 18.04.2022 23:16:48 PM: read_match_data: Data on 206890 successfully read
INFO: 18.04.2022 23:18:16 PM: read_match_data: Data on 206853 successfully read
INFO: 18.04.2022 23:18:16 PM: read_match_data: Data on 206854 successfully read
INFO: 18.04.2022 23:18:16 PM: read_match_data: Data on 206855 successfully read
INFO: 18.04.2022 23:18:16 PM: read_match_data: Data on 206857 successfully read
INFO: 18.04.2022 23:18:16 PM: read_match_data: Data on 206859 successfully read
INFO: 18.04.2022 23:18:16 PM: read_match_data: Data on 206852 successfully read
INFO: 18.04.2022 23:18:16 PM: read_match_data: Data on 206856 successfully read
INFO: 18.04.2022 23:18:16 PM: read_match_data: Data on 206858 successfully read
INFO: 18.04.2022 23:18:16 PM: read_match_data: Data on 206866 successfully read
INFO: 18.04.2022 23:18:16 PM: read_match_data: Data on 206867 successfully read
INFO: 18.04.2022 23:18:16 PM: read_match_data: Data on 206860 successfully read
INFO: 18.04.2022 23:18:16 PM: read_match_data: Data on 206862 successfully read
INFO: 18.04.2022 23:18:16 PM: read_match_data: Data on 206863 successfully read
INFO: 18.04.2022 23:18:16 PM: read_match_data: Data on 206864 successfully read
INFO: 18.04.2022 23:18:16 PM: read_match_data: Data on 206865 successfully read
INFO: 18.04.2022 23:18:16 PM: read_match_data: Data on 206861 successfully read
INFO: 18.04.2022 23:18:16 PM: read_match_data: Data on 206873 successfully read
INFO: 18.04.2022 23:18:16 PM: read_match_data: Data on 206869 successfully read
INFO: 18.04.2022 23:18:16 PM: read_match_data: Data on 206882 successfully read
INFO: 18.04.2022 23:18:16 PM: read_match_data: Data on 206872 successfully read
INFO: 18.04.2022 23:18:16 PM: read_match_data: Data on 206868 successfully read
INFO: 18.04.2022 23:18:16 PM: read_match_data: Data on 206871 successfully read
INFO: 18.04.2022 23:18:16 PM: read_match_data: Data on 206876 successfully read
INFO: 18.04.2022 23:18:16 PM: read_match_data: Data on 206870 successfully read
INFO: 18.04.2022 23:18:16 PM: read_match_data: Data on 206874 successfully read
INFO: 18.04.2022 23:18:16 PM: read_match_data: Data on 206875 successfully read
INFO: 18.04.2022 23:18:16 PM: read_match_data: Data on 206878 successfully read
INFO: 18.04.2022 23:18:16 PM: read_match_data: Data on 206883 successfully read
INFO: 18.04.2022 23:18:16 PM: read_match_data: Data on 206877 successfully read
INFO: 18.04.2022 23:18:16 PM: read_match_data: Data on 206879 successfully read
INFO: 18.04.2022 23:18:16 PM: read_match_data: Data on 206881 successfully read
INFO: 18.04.2022 23:18:16 PM: read_match_data: Data on 206880 successfully read
INFO: 18.04.2022 23:18:16 PM: read_match_data: Data on 206885 successfully read
INFO: 18.04.2022 23:18:16 PM: read_match_data: Data on 206891 successfully read
INFO: 18.04.2022 23:18:16 PM: read_match_data: Data on 206884 successfully read
INFO: 18.04.2022 23:18:16 PM: read_match_data: Data on 206886 successfully read
INFO: 18.04.2022 23:18:16 PM: read_match_data: Data on 206889 successfully read
INFO: 18.04.2022 23:18:16 PM: read_match_data: Data on 206887 successfully read
INFO: 18.04.2022 23:18:16 PM: read_match_data: Data on 206888 successfully read
INFO: 18.04.2022 23:18:16 PM: read_match_data: Data on 206890 successfully read
INFO: 18.04.2022 23:19:46 PM: read_match_data: Data on 206853 successfully read
INFO: 18.04.2022 23:19:46 PM: read_match_data: Data on 206854 successfully read
INFO: 18.04.2022 23:19:46 PM: read_match_data: Data on 206855 successfully read
INFO: 18.04.2022 23:19:46 PM: read_match_data: Data on 206857 successfully read
INFO: 18.04.2022 23:19:46 PM: read_match_data: Data on 206859 successfully read
INFO: 18.04.2022 23:19:46 PM: read_match_data: Data on 206852 successfully read
INFO: 18.04.2022 23:19:46 PM: read_match_data: Data on 206856 successfully read
INFO: 18.04.2022 23:19:46 PM: read_match_data: Data on 206858 successfully read
INFO: 18.04.2022 23:19:46 PM: read_match_data: Data on 206866 successfully read
INFO: 18.04.2022 23:19:46 PM: read_match_data: Data on 206867 successfully read
INFO: 18.04.2022 23:19:46 PM: read_match_data: Data on 206860 successfully read
INFO: 18.04.2022 23:19:46 PM: read_match_data: Data on 206862 successfully read
INFO: 18.04.2022 23:19:46 PM: read_match_data: Data on 206863 successfully read
INFO: 18.04.2022 23:19:46 PM: read_match_data: Data on 206864 successfully read
INFO: 18.04.2022 23:19:46 PM: read_match_data: Data on 206865 successfully read
INFO: 18.04.2022 23:19:46 PM: read_match_data: Data on 206861 successfully read
INFO: 18.04.2022 23:19:46 PM: read_match_data: Data on 206873 successfully read
INFO: 18.04.2022 23:19:46 PM: read_match_data: Data on 206869 successfully read
INFO: 18.04.2022 23:19:46 PM: read_match_data: Data on 206882 successfully read
INFO: 18.04.2022 23:19:46 PM: read_match_data: Data on 206872 successfully read
INFO: 18.04.2022 23:19:46 PM: read_match_data: Data on 206868 successfully read
INFO: 18.04.2022 23:19:46 PM: read_match_data: Data on 206871 successfully read
INFO: 18.04.2022 23:19:46 PM: read_match_data: Data on 206876 successfully read
INFO: 18.04.2022 23:19:46 PM: read_match_data: Data on 206870 successfully read
INFO: 18.04.2022 23:19:46 PM: read_match_data: Data on 206874 successfully read
INFO: 18.04.2022 23:19:46 PM: read_match_data: Data on 206875 successfully read
INFO: 18.04.2022 23:19:46 PM: read_match_data: Data on 206878 successfully read
INFO: 18.04.2022 23:19:46 PM: read_match_data: Data on 206883 successfully read
INFO: 18.04.2022 23:19:46 PM: read_match_data: Data on 206877 successfully read
INFO: 18.04.2022 23:19:46 PM: read_match_data: Data on 206879 successfully read
INFO: 18.04.2022 23:19:46 PM: read_match_data: Data on 206881 successfully read
INFO: 18.04.2022 23:19:46 PM: read_match_data: Data on 206880 successfully read
INFO: 18.04.2022 23:19:46 PM: read_match_data: Data on 206885 successfully read
INFO: 18.04.2022 23:19:46 PM: read_match_data: Data on 206891 successfully read
INFO: 18.04.2022 23:19:46 PM: read_match_data: Data on 206884 successfully read
INFO: 18.04.2022 23:19:46 PM: read_match_data: Data on 206886 successfully read
INFO: 18.04.2022 23:19:46 PM: read_match_data: Data on 206889 successfully read
INFO: 18.04.2022 23:19:46 PM: read_match_data: Data on 206887 successfully read
INFO: 18.04.2022 23:19:46 PM: read_match_data: Data on 206888 successfully read
INFO: 18.04.2022 23:19:46 PM: read_match_data: Data on 206890 successfully read
INFO: 18.04.2022 23:29:44 PM: read_match_data: Data on 206853 successfully read
INFO: 18.04.2022 23:29:44 PM: read_match_data: Data on 206854 successfully read
INFO: 18.04.2022 23:29:44 PM: read_match_data: Data on 206855 successfully read
INFO: 18.04.2022 23:29:44 PM: read_match_data: Data on 206857 successfully read
INFO: 18.04.2022 23:29:44 PM: read_match_data: Data on 206859 successfully read
INFO: 18.04.2022 23:29:44 PM: read_match_data: Data on 206852 successfully read
INFO: 18.04.2022 23:29:44 PM: read_match_data: Data on 206856 successfully read
INFO: 18.04.2022 23:29:44 PM: read_match_data: Data on 206858 successfully read
INFO: 18.04.2022 23:29:44 PM: read_match_data: Data on 206866 successfully read
INFO: 18.04.2022 23:29:44 PM: read_match_data: Data on 206867 successfully read
INFO: 18.04.2022 23:29:44 PM: read_match_data: Data on 206860 successfully read
INFO: 18.04.2022 23:29:44 PM: read_match_data: Data on 206862 successfully read
INFO: 18.04.2022 23:29:44 PM: read_match_data: Data on 206863 successfully read
INFO: 18.04.2022 23:29:44 PM: read_match_data: Data on 206864 successfully read
INFO: 18.04.2022 23:29:44 PM: read_match_data: Data on 206865 successfully read
INFO: 18.04.2022 23:29:44 PM: read_match_data: Data on 206861 successfully read
INFO: 18.04.2022 23:29:44 PM: read_match_data: Data on 206873 successfully read
INFO: 18.04.2022 23:29:44 PM: read_match_data: Data on 206869 successfully read
INFO: 18.04.2022 23:29:44 PM: read_match_data: Data on 206882 successfully read
INFO: 18.04.2022 23:29:44 PM: read_match_data: Data on 206872 successfully read
INFO: 18.04.2022 23:29:44 PM: read_match_data: Data on 206868 successfully read
INFO: 18.04.2022 23:29:44 PM: read_match_data: Data on 206871 successfully read
INFO: 18.04.2022 23:29:44 PM: read_match_data: Data on 206876 successfully read
INFO: 18.04.2022 23:29:44 PM: read_match_data: Data on 206870 successfully read
INFO: 18.04.2022 23:29:44 PM: read_match_data: Data on 206874 successfully read
INFO: 18.04.2022 23:29:44 PM: read_match_data: Data on 206875 successfully read
INFO: 18.04.2022 23:29:44 PM: read_match_data: Data on 206878 successfully read
INFO: 18.04.2022 23:29:44 PM: read_match_data: Data on 206883 successfully read
INFO: 18.04.2022 23:29:44 PM: read_match_data: Data on 206877 successfully read
INFO: 18.04.2022 23:29:44 PM: read_match_data: Data on 206879 successfully read
INFO: 18.04.2022 23:29:44 PM: read_match_data: Data on 206881 successfully read
INFO: 18.04.2022 23:29:44 PM: read_match_data: Data on 206880 successfully read
INFO: 18.04.2022 23:29:44 PM: read_match_data: Data on 206885 successfully read
INFO: 18.04.2022 23:29:44 PM: read_match_data: Data on 206891 successfully read
INFO: 18.04.2022 23:29:44 PM: read_match_data: Data on 206884 successfully read
INFO: 18.04.2022 23:29:44 PM: read_match_data: Data on 206886 successfully read
INFO: 18.04.2022 23:29:44 PM: read_match_data: Data on 206889 successfully read
INFO: 18.04.2022 23:29:44 PM: read_match_data: Data on 206887 successfully read
INFO: 18.04.2022 23:29:44 PM: read_match_data: Data on 206888 successfully read
INFO: 18.04.2022 23:29:44 PM: read_match_data: Data on 206890 successfully read
INFO: 18.04.2022 23:33:18 PM: read_match_data: Data on 206853 successfully read
INFO: 18.04.2022 23:33:18 PM: read_match_data: Data on 206854 successfully read
INFO: 18.04.2022 23:33:18 PM: read_match_data: Data on 206855 successfully read
INFO: 18.04.2022 23:33:18 PM: read_match_data: Data on 206857 successfully read
INFO: 18.04.2022 23:33:18 PM: read_match_data: Data on 206859 successfully read
INFO: 18.04.2022 23:33:18 PM: read_match_data: Data on 206852 successfully read
INFO: 18.04.2022 23:33:18 PM: read_match_data: Data on 206856 successfully read
INFO: 18.04.2022 23:33:18 PM: read_match_data: Data on 206858 successfully read
INFO: 18.04.2022 23:33:18 PM: read_match_data: Data on 206866 successfully read
INFO: 18.04.2022 23:33:18 PM: read_match_data: Data on 206867 successfully read
INFO: 18.04.2022 23:33:18 PM: read_match_data: Data on 206860 successfully read
INFO: 18.04.2022 23:33:18 PM: read_match_data: Data on 206862 successfully read
INFO: 18.04.2022 23:33:18 PM: read_match_data: Data on 206863 successfully read
INFO: 18.04.2022 23:33:18 PM: read_match_data: Data on 206864 successfully read
INFO: 18.04.2022 23:33:18 PM: read_match_data: Data on 206865 successfully read
INFO: 18.04.2022 23:33:18 PM: read_match_data: Data on 206861 successfully read
INFO: 18.04.2022 23:33:18 PM: read_match_data: Data on 206873 successfully read
INFO: 18.04.2022 23:33:18 PM: read_match_data: Data on 206869 successfully read
INFO: 18.04.2022 23:33:18 PM: read_match_data: Data on 206882 successfully read
INFO: 18.04.2022 23:33:18 PM: read_match_data: Data on 206872 successfully read
INFO: 18.04.2022 23:33:18 PM: read_match_data: Data on 206868 successfully read
INFO: 18.04.2022 23:33:18 PM: read_match_data: Data on 206871 successfully read
INFO: 18.04.2022 23:33:18 PM: read_match_data: Data on 206876 successfully read
INFO: 18.04.2022 23:33:18 PM: read_match_data: Data on 206870 successfully read
INFO: 18.04.2022 23:33:18 PM: read_match_data: Data on 206874 successfully read
INFO: 18.04.2022 23:33:18 PM: read_match_data: Data on 206875 successfully read
INFO: 18.04.2022 23:33:18 PM: read_match_data: Data on 206878 successfully read
INFO: 18.04.2022 23:33:18 PM: read_match_data: Data on 206883 successfully read
INFO: 18.04.2022 23:33:18 PM: read_match_data: Data on 206877 successfully read
INFO: 18.04.2022 23:33:18 PM: read_match_data: Data on 206879 successfully read
INFO: 18.04.2022 23:33:18 PM: read_match_data: Data on 206881 successfully read
INFO: 18.04.2022 23:33:18 PM: read_match_data: Data on 206880 successfully read
INFO: 18.04.2022 23:33:18 PM: read_match_data: Data on 206885 successfully read
INFO: 18.04.2022 23:33:18 PM: read_match_data: Data on 206891 successfully read
INFO: 18.04.2022 23:33:18 PM: read_match_data: Data on 206884 successfully read
INFO: 18.04.2022 23:33:18 PM: read_match_data: Data on 206886 successfully read
INFO: 18.04.2022 23:33:18 PM: read_match_data: Data on 206889 successfully read
INFO: 18.04.2022 23:33:18 PM: read_match_data: Data on 206887 successfully read
INFO: 18.04.2022 23:33:18 PM: read_match_data: Data on 206888 successfully read
INFO: 18.04.2022 23:33:18 PM: read_match_data: Data on 206890 successfully read
INFO: 18.04.2022 23:33:18 PM: read_match_data: Data on 206892 successfully read
INFO: 18.04.2022 23:33:18 PM: read_match_data: Data on 206895 successfully read
INFO: 18.04.2022 23:33:18 PM: read_match_data: Data on 206896 successfully read
INFO: 18.04.2022 23:33:18 PM: read_match_data: Data on 206899 successfully read
INFO: 18.04.2022 23:33:18 PM: read_match_data: Data on 206897 successfully read
INFO: 18.04.2022 23:33:18 PM: read_match_data: Data on 206898 successfully read
INFO: 18.04.2022 23:33:18 PM: read_match_data: Data on 206893 successfully read
INFO: 18.04.2022 23:33:18 PM: read_match_data: Data on 206894 successfully read
INFO: 18.04.2022 23:33:18 PM: read_match_data: Data on 206905 successfully read
INFO: 18.04.2022 23:33:18 PM: read_match_data: Data on 206902 successfully read
INFO: 18.04.2022 23:33:18 PM: read_match_data: Data on 206909 successfully read
INFO: 18.04.2022 23:33:18 PM: read_match_data: Data on 206906 successfully read
INFO: 18.04.2022 23:33:18 PM: read_match_data: Data on 206903 successfully read
INFO: 18.04.2022 23:33:18 PM: read_match_data: Data on 206904 successfully read
INFO: 18.04.2022 23:33:18 PM: read_match_data: Data on 206901 successfully read
INFO: 18.04.2022 23:33:18 PM: read_match_data: Data on 206900 successfully read
INFO: 18.04.2022 23:33:18 PM: read_match_data: Data on 206914 successfully read
INFO: 18.04.2022 23:33:18 PM: read_match_data: Data on 206913 successfully read
INFO: 18.04.2022 23:33:18 PM: read_match_data: Data on 206907 successfully read
INFO: 18.04.2022 23:33:18 PM: read_match_data: Data on 206915 successfully read
INFO: 18.04.2022 23:33:18 PM: read_match_data: Data on 206912 successfully read
INFO: 18.04.2022 23:33:18 PM: read_match_data: Data on 206908 successfully read
INFO: 18.04.2022 23:33:18 PM: read_match_data: Data on 206911 successfully read
INFO: 18.04.2022 23:33:18 PM: read_match_data: Data on 206910 successfully read
INFO: 18.04.2022 23:33:18 PM: read_match_data: Data on 206930 successfully read
INFO: 18.04.2022 23:33:18 PM: read_match_data: Data on 206920 successfully read
INFO: 18.04.2022 23:33:18 PM: read_match_data: Data on 206916 successfully read
INFO: 18.04.2022 23:33:18 PM: read_match_data: Data on 206921 successfully read
INFO: 18.04.2022 23:33:18 PM: read_match_data: Data on 206927 successfully read
INFO: 18.04.2022 23:33:18 PM: read_match_data: Data on 206918 successfully read
INFO: 18.04.2022 23:33:26 PM: read_match_data: Data on 206853 successfully read
INFO: 18.04.2022 23:33:26 PM: read_match_data: Data on 206854 successfully read
INFO: 18.04.2022 23:33:26 PM: read_match_data: Data on 206855 successfully read
INFO: 18.04.2022 23:33:26 PM: read_match_data: Data on 206857 successfully read
INFO: 18.04.2022 23:33:26 PM: read_match_data: Data on 206859 successfully read
INFO: 18.04.2022 23:33:26 PM: read_match_data: Data on 206852 successfully read
INFO: 18.04.2022 23:33:26 PM: read_match_data: Data on 206856 successfully read
INFO: 18.04.2022 23:33:26 PM: read_match_data: Data on 206858 successfully read
INFO: 18.04.2022 23:33:26 PM: read_match_data: Data on 206866 successfully read
INFO: 18.04.2022 23:33:26 PM: read_match_data: Data on 206867 successfully read
INFO: 18.04.2022 23:33:26 PM: read_match_data: Data on 206860 successfully read
INFO: 18.04.2022 23:33:26 PM: read_match_data: Data on 206862 successfully read
INFO: 18.04.2022 23:33:26 PM: read_match_data: Data on 206863 successfully read
INFO: 18.04.2022 23:33:26 PM: read_match_data: Data on 206864 successfully read
INFO: 18.04.2022 23:33:26 PM: read_match_data: Data on 206865 successfully read
INFO: 18.04.2022 23:33:26 PM: read_match_data: Data on 206861 successfully read
INFO: 18.04.2022 23:33:26 PM: read_match_data: Data on 206873 successfully read
INFO: 18.04.2022 23:33:26 PM: read_match_data: Data on 206869 successfully read
INFO: 18.04.2022 23:33:26 PM: read_match_data: Data on 206882 successfully read
INFO: 18.04.2022 23:33:26 PM: read_match_data: Data on 206872 successfully read
INFO: 18.04.2022 23:33:26 PM: read_match_data: Data on 206868 successfully read
INFO: 18.04.2022 23:33:26 PM: read_match_data: Data on 206871 successfully read
INFO: 18.04.2022 23:33:26 PM: read_match_data: Data on 206876 successfully read
INFO: 18.04.2022 23:33:26 PM: read_match_data: Data on 206870 successfully read
INFO: 18.04.2022 23:33:26 PM: read_match_data: Data on 206874 successfully read
INFO: 18.04.2022 23:33:26 PM: read_match_data: Data on 206875 successfully read
INFO: 18.04.2022 23:33:26 PM: read_match_data: Data on 206878 successfully read
INFO: 18.04.2022 23:33:26 PM: read_match_data: Data on 206883 successfully read
INFO: 18.04.2022 23:33:26 PM: read_match_data: Data on 206877 successfully read
INFO: 18.04.2022 23:33:26 PM: read_match_data: Data on 206879 successfully read
INFO: 18.04.2022 23:33:26 PM: read_match_data: Data on 206881 successfully read
INFO: 18.04.2022 23:33:26 PM: read_match_data: Data on 206880 successfully read
INFO: 18.04.2022 23:33:26 PM: read_match_data: Data on 206885 successfully read
INFO: 18.04.2022 23:33:26 PM: read_match_data: Data on 206891 successfully read
INFO: 18.04.2022 23:33:26 PM: read_match_data: Data on 206884 successfully read
INFO: 18.04.2022 23:33:26 PM: read_match_data: Data on 206886 successfully read
INFO: 18.04.2022 23:33:26 PM: read_match_data: Data on 206889 successfully read
INFO: 18.04.2022 23:33:26 PM: read_match_data: Data on 206887 successfully read
INFO: 18.04.2022 23:33:26 PM: read_match_data: Data on 206888 successfully read
INFO: 18.04.2022 23:33:26 PM: read_match_data: Data on 206890 successfully read
INFO: 18.04.2022 23:33:26 PM: read_match_data: Data on 206892 successfully read
INFO: 18.04.2022 23:33:26 PM: read_match_data: Data on 206895 successfully read
INFO: 18.04.2022 23:33:26 PM: read_match_data: Data on 206896 successfully read
INFO: 18.04.2022 23:33:26 PM: read_match_data: Data on 206899 successfully read
INFO: 18.04.2022 23:33:26 PM: read_match_data: Data on 206897 successfully read
INFO: 18.04.2022 23:33:26 PM: read_match_data: Data on 206898 successfully read
INFO: 18.04.2022 23:33:26 PM: read_match_data: Data on 206893 successfully read
INFO: 18.04.2022 23:33:26 PM: read_match_data: Data on 206894 successfully read
INFO: 18.04.2022 23:33:26 PM: read_match_data: Data on 206905 successfully read
INFO: 18.04.2022 23:33:26 PM: read_match_data: Data on 206902 successfully read
INFO: 18.04.2022 23:33:26 PM: read_match_data: Data on 206909 successfully read
INFO: 18.04.2022 23:33:26 PM: read_match_data: Data on 206906 successfully read
INFO: 18.04.2022 23:33:26 PM: read_match_data: Data on 206903 successfully read
INFO: 18.04.2022 23:33:26 PM: read_match_data: Data on 206904 successfully read
INFO: 18.04.2022 23:33:26 PM: read_match_data: Data on 206901 successfully read
INFO: 18.04.2022 23:33:26 PM: read_match_data: Data on 206900 successfully read
INFO: 18.04.2022 23:33:26 PM: read_match_data: Data on 206914 successfully read
INFO: 18.04.2022 23:33:26 PM: read_match_data: Data on 206913 successfully read
INFO: 18.04.2022 23:33:26 PM: read_match_data: Data on 206907 successfully read
INFO: 18.04.2022 23:33:26 PM: read_match_data: Data on 206915 successfully read
INFO: 18.04.2022 23:33:26 PM: read_match_data: Data on 206912 successfully read
INFO: 18.04.2022 23:33:26 PM: read_match_data: Data on 206908 successfully read
INFO: 18.04.2022 23:33:26 PM: read_match_data: Data on 206911 successfully read
INFO: 18.04.2022 23:33:26 PM: read_match_data: Data on 206910 successfully read
INFO: 18.04.2022 23:33:26 PM: read_match_data: Data on 206930 successfully read
INFO: 18.04.2022 23:33:26 PM: read_match_data: Data on 206920 successfully read
INFO: 18.04.2022 23:33:26 PM: read_match_data: Data on 206916 successfully read
INFO: 18.04.2022 23:33:26 PM: read_match_data: Data on 206921 successfully read
INFO: 18.04.2022 23:33:26 PM: read_match_data: Data on 206927 successfully read
INFO: 18.04.2022 23:33:26 PM: read_match_data: Data on 206918 successfully read
INFO: 18.04.2022 23:33:35 PM: read_match_data: Data on 206853 successfully read
INFO: 18.04.2022 23:33:35 PM: read_match_data: Data on 206854 successfully read
INFO: 18.04.2022 23:33:35 PM: read_match_data: Data on 206855 successfully read
INFO: 18.04.2022 23:33:35 PM: read_match_data: Data on 206857 successfully read
INFO: 18.04.2022 23:33:35 PM: read_match_data: Data on 206859 successfully read
INFO: 18.04.2022 23:33:35 PM: read_match_data: Data on 206852 successfully read
INFO: 18.04.2022 23:33:35 PM: read_match_data: Data on 206856 successfully read
INFO: 18.04.2022 23:33:35 PM: read_match_data: Data on 206858 successfully read
INFO: 18.04.2022 23:33:35 PM: read_match_data: Data on 206866 successfully read
INFO: 18.04.2022 23:33:35 PM: read_match_data: Data on 206867 successfully read
INFO: 18.04.2022 23:33:35 PM: read_match_data: Data on 206860 successfully read
INFO: 18.04.2022 23:33:35 PM: read_match_data: Data on 206862 successfully read
INFO: 18.04.2022 23:33:35 PM: read_match_data: Data on 206863 successfully read
INFO: 18.04.2022 23:33:35 PM: read_match_data: Data on 206864 successfully read
INFO: 18.04.2022 23:33:35 PM: read_match_data: Data on 206865 successfully read
INFO: 18.04.2022 23:33:35 PM: read_match_data: Data on 206861 successfully read
INFO: 18.04.2022 23:33:35 PM: read_match_data: Data on 206873 successfully read
INFO: 18.04.2022 23:33:35 PM: read_match_data: Data on 206869 successfully read
INFO: 18.04.2022 23:33:35 PM: read_match_data: Data on 206882 successfully read
INFO: 18.04.2022 23:33:35 PM: read_match_data: Data on 206872 successfully read
INFO: 18.04.2022 23:33:35 PM: read_match_data: Data on 206868 successfully read
INFO: 18.04.2022 23:33:35 PM: read_match_data: Data on 206871 successfully read
INFO: 18.04.2022 23:33:35 PM: read_match_data: Data on 206876 successfully read
INFO: 18.04.2022 23:33:35 PM: read_match_data: Data on 206870 successfully read
INFO: 18.04.2022 23:33:35 PM: read_match_data: Data on 206874 successfully read
INFO: 18.04.2022 23:33:35 PM: read_match_data: Data on 206875 successfully read
INFO: 18.04.2022 23:33:35 PM: read_match_data: Data on 206878 successfully read
INFO: 18.04.2022 23:33:35 PM: read_match_data: Data on 206883 successfully read
INFO: 18.04.2022 23:33:35 PM: read_match_data: Data on 206877 successfully read
INFO: 18.04.2022 23:33:35 PM: read_match_data: Data on 206879 successfully read
INFO: 18.04.2022 23:33:35 PM: read_match_data: Data on 206881 successfully read
INFO: 18.04.2022 23:33:35 PM: read_match_data: Data on 206880 successfully read
INFO: 18.04.2022 23:33:35 PM: read_match_data: Data on 206885 successfully read
INFO: 18.04.2022 23:33:35 PM: read_match_data: Data on 206891 successfully read
INFO: 18.04.2022 23:33:35 PM: read_match_data: Data on 206884 successfully read
INFO: 18.04.2022 23:33:35 PM: read_match_data: Data on 206886 successfully read
INFO: 18.04.2022 23:33:35 PM: read_match_data: Data on 206889 successfully read
INFO: 18.04.2022 23:33:35 PM: read_match_data: Data on 206887 successfully read
INFO: 18.04.2022 23:33:35 PM: read_match_data: Data on 206888 successfully read
INFO: 18.04.2022 23:33:35 PM: read_match_data: Data on 206890 successfully read
INFO: 18.04.2022 23:33:35 PM: read_match_data: Data on 206892 successfully read
INFO: 18.04.2022 23:33:35 PM: read_match_data: Data on 206895 successfully read
INFO: 18.04.2022 23:33:35 PM: read_match_data: Data on 206896 successfully read
INFO: 18.04.2022 23:33:35 PM: read_match_data: Data on 206899 successfully read
INFO: 18.04.2022 23:33:35 PM: read_match_data: Data on 206897 successfully read
INFO: 18.04.2022 23:33:35 PM: read_match_data: Data on 206898 successfully read
INFO: 18.04.2022 23:33:35 PM: read_match_data: Data on 206893 successfully read
INFO: 18.04.2022 23:33:35 PM: read_match_data: Data on 206894 successfully read
INFO: 18.04.2022 23:33:35 PM: read_match_data: Data on 206905 successfully read
INFO: 18.04.2022 23:33:35 PM: read_match_data: Data on 206902 successfully read
INFO: 18.04.2022 23:33:35 PM: read_match_data: Data on 206909 successfully read
INFO: 18.04.2022 23:33:35 PM: read_match_data: Data on 206906 successfully read
INFO: 18.04.2022 23:33:35 PM: read_match_data: Data on 206903 successfully read
INFO: 18.04.2022 23:33:35 PM: read_match_data: Data on 206904 successfully read
INFO: 18.04.2022 23:33:35 PM: read_match_data: Data on 206901 successfully read
INFO: 18.04.2022 23:33:35 PM: read_match_data: Data on 206900 successfully read
INFO: 18.04.2022 23:33:35 PM: read_match_data: Data on 206914 successfully read
INFO: 18.04.2022 23:33:35 PM: read_match_data: Data on 206913 successfully read
INFO: 18.04.2022 23:33:35 PM: read_match_data: Data on 206907 successfully read
INFO: 18.04.2022 23:33:35 PM: read_match_data: Data on 206915 successfully read
INFO: 18.04.2022 23:33:35 PM: read_match_data: Data on 206912 successfully read
INFO: 18.04.2022 23:33:35 PM: read_match_data: Data on 206908 successfully read
INFO: 18.04.2022 23:33:35 PM: read_match_data: Data on 206911 successfully read
INFO: 18.04.2022 23:33:35 PM: read_match_data: Data on 206910 successfully read
INFO: 18.04.2022 23:33:35 PM: read_match_data: Data on 206930 successfully read
INFO: 18.04.2022 23:33:35 PM: read_match_data: Data on 206920 successfully read
INFO: 18.04.2022 23:33:35 PM: read_match_data: Data on 206916 successfully read
INFO: 18.04.2022 23:33:35 PM: read_match_data: Data on 206921 successfully read
INFO: 18.04.2022 23:33:35 PM: read_match_data: Data on 206927 successfully read
INFO: 18.04.2022 23:33:35 PM: read_match_data: Data on 206918 successfully read
INFO: 18.04.2022 23:34:01 PM: read_match_data: Data on 206853 successfully read
INFO: 18.04.2022 23:34:01 PM: read_match_data: Data on 206854 successfully read
INFO: 18.04.2022 23:34:01 PM: read_match_data: Data on 206855 successfully read
INFO: 18.04.2022 23:34:01 PM: read_match_data: Data on 206857 successfully read
INFO: 18.04.2022 23:34:01 PM: read_match_data: Data on 206859 successfully read
INFO: 18.04.2022 23:34:01 PM: read_match_data: Data on 206852 successfully read
INFO: 18.04.2022 23:34:01 PM: read_match_data: Data on 206856 successfully read
INFO: 18.04.2022 23:34:01 PM: read_match_data: Data on 206858 successfully read
INFO: 18.04.2022 23:34:01 PM: read_match_data: Data on 206866 successfully read
INFO: 18.04.2022 23:34:01 PM: read_match_data: Data on 206867 successfully read
INFO: 18.04.2022 23:34:01 PM: read_match_data: Data on 206860 successfully read
INFO: 18.04.2022 23:34:01 PM: read_match_data: Data on 206862 successfully read
INFO: 18.04.2022 23:34:01 PM: read_match_data: Data on 206863 successfully read
INFO: 18.04.2022 23:34:01 PM: read_match_data: Data on 206864 successfully read
INFO: 18.04.2022 23:34:01 PM: read_match_data: Data on 206865 successfully read
INFO: 18.04.2022 23:34:01 PM: read_match_data: Data on 206861 successfully read
INFO: 18.04.2022 23:34:01 PM: read_match_data: Data on 206873 successfully read
INFO: 18.04.2022 23:34:01 PM: read_match_data: Data on 206869 successfully read
INFO: 18.04.2022 23:34:01 PM: read_match_data: Data on 206882 successfully read
INFO: 18.04.2022 23:34:01 PM: read_match_data: Data on 206872 successfully read
INFO: 18.04.2022 23:34:01 PM: read_match_data: Data on 206868 successfully read
INFO: 18.04.2022 23:34:01 PM: read_match_data: Data on 206871 successfully read
INFO: 18.04.2022 23:34:01 PM: read_match_data: Data on 206876 successfully read
INFO: 18.04.2022 23:34:01 PM: read_match_data: Data on 206870 successfully read
INFO: 18.04.2022 23:34:01 PM: read_match_data: Data on 206874 successfully read
INFO: 18.04.2022 23:34:01 PM: read_match_data: Data on 206875 successfully read
INFO: 18.04.2022 23:34:01 PM: read_match_data: Data on 206878 successfully read
INFO: 18.04.2022 23:34:01 PM: read_match_data: Data on 206883 successfully read
INFO: 18.04.2022 23:34:01 PM: read_match_data: Data on 206877 successfully read
INFO: 18.04.2022 23:34:01 PM: read_match_data: Data on 206879 successfully read
INFO: 18.04.2022 23:34:01 PM: read_match_data: Data on 206881 successfully read
INFO: 18.04.2022 23:34:01 PM: read_match_data: Data on 206880 successfully read
INFO: 18.04.2022 23:34:01 PM: read_match_data: Data on 206885 successfully read
INFO: 18.04.2022 23:34:01 PM: read_match_data: Data on 206891 successfully read
INFO: 18.04.2022 23:34:01 PM: read_match_data: Data on 206884 successfully read
INFO: 18.04.2022 23:34:01 PM: read_match_data: Data on 206886 successfully read
INFO: 18.04.2022 23:34:01 PM: read_match_data: Data on 206889 successfully read
INFO: 18.04.2022 23:34:01 PM: read_match_data: Data on 206887 successfully read
INFO: 18.04.2022 23:34:01 PM: read_match_data: Data on 206888 successfully read
INFO: 18.04.2022 23:34:01 PM: read_match_data: Data on 206890 successfully read
INFO: 18.04.2022 23:34:01 PM: read_match_data: Data on 206892 successfully read
INFO: 18.04.2022 23:34:01 PM: read_match_data: Data on 206895 successfully read
INFO: 18.04.2022 23:34:01 PM: read_match_data: Data on 206896 successfully read
INFO: 18.04.2022 23:34:01 PM: read_match_data: Data on 206899 successfully read
INFO: 18.04.2022 23:34:01 PM: read_match_data: Data on 206897 successfully read
INFO: 18.04.2022 23:34:01 PM: read_match_data: Data on 206898 successfully read
INFO: 18.04.2022 23:34:01 PM: read_match_data: Data on 206893 successfully read
INFO: 18.04.2022 23:34:01 PM: read_match_data: Data on 206894 successfully read
INFO: 18.04.2022 23:34:01 PM: read_match_data: Data on 206905 successfully read
INFO: 18.04.2022 23:34:01 PM: read_match_data: Data on 206902 successfully read
INFO: 18.04.2022 23:34:34 PM: read_match_data: Data on 206853 successfully read
INFO: 18.04.2022 23:34:34 PM: read_match_data: Data on 206854 successfully read
INFO: 18.04.2022 23:34:34 PM: read_match_data: Data on 206855 successfully read
INFO: 18.04.2022 23:34:34 PM: read_match_data: Data on 206857 successfully read
INFO: 18.04.2022 23:34:34 PM: read_match_data: Data on 206859 successfully read
INFO: 18.04.2022 23:34:34 PM: read_match_data: Data on 206852 successfully read
INFO: 18.04.2022 23:34:34 PM: read_match_data: Data on 206856 successfully read
INFO: 18.04.2022 23:34:34 PM: read_match_data: Data on 206858 successfully read
INFO: 18.04.2022 23:34:34 PM: read_match_data: Data on 206866 successfully read
INFO: 18.04.2022 23:34:34 PM: read_match_data: Data on 206867 successfully read
INFO: 18.04.2022 23:34:34 PM: read_match_data: Data on 206860 successfully read
INFO: 18.04.2022 23:34:34 PM: read_match_data: Data on 206862 successfully read
INFO: 18.04.2022 23:34:34 PM: read_match_data: Data on 206863 successfully read
INFO: 18.04.2022 23:34:34 PM: read_match_data: Data on 206864 successfully read
INFO: 18.04.2022 23:34:34 PM: read_match_data: Data on 206865 successfully read
INFO: 18.04.2022 23:34:34 PM: read_match_data: Data on 206861 successfully read
INFO: 18.04.2022 23:34:34 PM: read_match_data: Data on 206873 successfully read
INFO: 18.04.2022 23:34:34 PM: read_match_data: Data on 206869 successfully read
INFO: 18.04.2022 23:34:34 PM: read_match_data: Data on 206882 successfully read
INFO: 18.04.2022 23:34:34 PM: read_match_data: Data on 206872 successfully read
INFO: 18.04.2022 23:34:34 PM: read_match_data: Data on 206868 successfully read
INFO: 18.04.2022 23:34:34 PM: read_match_data: Data on 206871 successfully read
INFO: 18.04.2022 23:34:34 PM: read_match_data: Data on 206876 successfully read
INFO: 18.04.2022 23:34:34 PM: read_match_data: Data on 206870 successfully read
INFO: 18.04.2022 23:34:34 PM: read_match_data: Data on 206874 successfully read
INFO: 18.04.2022 23:34:34 PM: read_match_data: Data on 206875 successfully read
INFO: 18.04.2022 23:34:34 PM: read_match_data: Data on 206878 successfully read
INFO: 18.04.2022 23:34:34 PM: read_match_data: Data on 206883 successfully read
INFO: 18.04.2022 23:34:34 PM: read_match_data: Data on 206877 successfully read
INFO: 18.04.2022 23:34:34 PM: read_match_data: Data on 206879 successfully read
INFO: 18.04.2022 23:34:34 PM: read_match_data: Data on 206881 successfully read
INFO: 18.04.2022 23:34:34 PM: read_match_data: Data on 206880 successfully read
INFO: 18.04.2022 23:34:34 PM: read_match_data: Data on 206885 successfully read
INFO: 18.04.2022 23:34:34 PM: read_match_data: Data on 206891 successfully read
INFO: 18.04.2022 23:34:34 PM: read_match_data: Data on 206884 successfully read
INFO: 18.04.2022 23:34:34 PM: read_match_data: Data on 206886 successfully read
INFO: 18.04.2022 23:34:34 PM: read_match_data: Data on 206889 successfully read
INFO: 18.04.2022 23:34:34 PM: read_match_data: Data on 206887 successfully read
INFO: 18.04.2022 23:34:34 PM: read_match_data: Data on 206888 successfully read
INFO: 18.04.2022 23:34:34 PM: read_match_data: Data on 206890 successfully read
INFO: 18.04.2022 23:34:34 PM: read_match_data: Data on 206892 successfully read
INFO: 18.04.2022 23:34:34 PM: read_match_data: Data on 206895 successfully read
INFO: 18.04.2022 23:34:34 PM: read_match_data: Data on 206896 successfully read
INFO: 18.04.2022 23:34:34 PM: read_match_data: Data on 206899 successfully read
INFO: 18.04.2022 23:34:34 PM: read_match_data: Data on 206897 successfully read
INFO: 18.04.2022 23:34:34 PM: read_match_data: Data on 206898 successfully read
INFO: 18.04.2022 23:34:34 PM: read_match_data: Data on 206893 successfully read
INFO: 18.04.2022 23:34:34 PM: read_match_data: Data on 206894 successfully read
INFO: 18.04.2022 23:34:34 PM: read_match_data: Data on 206905 successfully read
INFO: 18.04.2022 23:34:34 PM: read_match_data: Data on 206902 successfully read
INFO: 18.04.2022 23:34:34 PM: read_match_data: Data on 206909 successfully read
INFO: 18.04.2022 23:34:34 PM: read_match_data: Data on 206906 successfully read
INFO: 18.04.2022 23:34:34 PM: read_match_data: Data on 206903 successfully read
INFO: 18.04.2022 23:34:34 PM: read_match_data: Data on 206904 successfully read
INFO: 18.04.2022 23:34:34 PM: read_match_data: Data on 206901 successfully read
INFO: 18.04.2022 23:34:34 PM: read_match_data: Data on 206900 successfully read
INFO: 18.04.2022 23:34:34 PM: read_match_data: Data on 206914 successfully read
INFO: 18.04.2022 23:34:34 PM: read_match_data: Data on 206913 successfully read
INFO: 18.04.2022 23:34:34 PM: read_match_data: Data on 206907 successfully read
INFO: 18.04.2022 23:34:34 PM: read_match_data: Data on 206915 successfully read
